0 info it worked if it ends with ok
1 verbose cli [ 'C:\\Program Files\\nodejs\\node.exe',
1 verbose cli   'C:\\Program Files\\nodejs\\node_modules\\npm\\bin\\npm-cli.js',
1 verbose cli   'test' ]
2 info using npm@2.11.3
3 info using node@v0.12.7
4 verbose stack Error: Failed to parse json
4 verbose stack Unexpected token 'd' at 18:4
4 verbose stack   "dependencies": {
4 verbose stack    ^
4 verbose stack     at parseError (C:\Program Files\nodejs\node_modules\npm\node_modules\read-package-json\read-json.js:379:11)
4 verbose stack     at parseJson (C:\Program Files\nodejs\node_modules\npm\node_modules\read-package-json\read-json.js:68:23)
4 verbose stack     at C:\Program Files\nodejs\node_modules\npm\node_modules\read-package-json\read-json.js:48:5
4 verbose stack     at evalmachine.<anonymous>:334:14
4 verbose stack     at C:\Program Files\nodejs\node_modules\npm\node_modules\graceful-fs\graceful-fs.js:102:5
4 verbose stack     at FSReqWrap.oncomplete (evalmachine.<anonymous>:95:15)
5 verbose cwd C:\Repositories\GitHub\dwmkerr\react-es6-starter
6 error Windows_NT 6.1.7601
7 error argv "C:\\Program Files\\nodejs\\node.exe" "C:\\Program Files\\nodejs\\node_modules\\npm\\bin\\npm-cli.js" "test"
8 error node v0.12.7
9 error npm  v2.11.3
10 error file C:\Repositories\GitHub\dwmkerr\react-es6-starter\package.json
11 error code EJSONPARSE
12 error Failed to parse json
12 error Unexpected token 'd' at 18:4
12 error   "dependencies": {
12 error    ^
13 error File: C:\Repositories\GitHub\dwmkerr\react-es6-starter\package.json
14 error Failed to parse package.json data.
14 error package.json must be actual JSON, not just JavaScript.
14 error
14 error This is not a bug in npm.
14 error Tell the package author to fix their package.json file. JSON.parse
15 verbose exit [ 1, true ]
